<?xml version="1.0" encoding="UTF-8"?>
<!-- Generated by org.testng.reporters.JUnitReportReporter -->
<testsuite hostname="DESKTOP-5T7J39S" failures="0" tests="1" name="weathershopper.BaseTest" time="1.649" errors="0" timestamp="04 Jan 2022 19:20:15 GMT" skipped="0">
  <testcase classname="weathershopper.BaseTest" name="helloTest" time="1.649"/>
</testsuite> <!-- weathershopper.BaseTest -->
